<?xml version="1.0" encoding="UTF-8"?>
<coverage generated="1741989332211" clover="3.2.0">
  <project timestamp="1741989332211" name="All files">
    <metrics statements="28" coveredstatements="28" conditionals="18" coveredconditionals="18" methods="5" coveredmethods="5" elements="51" coveredelements="51" complexity="0" loc="28" ncloc="28" packages="1" files="5" classes="5"/>
    <file name="arrayUtils.js" path="D:\Study\Testing\src\arrayUtils.js">
      <metrics statements="3" coveredstatements="3" conditionals="2" coveredconditionals="2" methods="1" coveredmethods="1"/>
      <line num="1" count="1" type="cond" truecount="1" falsecount="0"/>
      <line num="2" count="8" type="cond" truecount="1" falsecount="0"/>
      <line num="3" count="8" type="stmt"/>
    </file>
    <file name="discountCalculator.js" path="D:\Study\Testing\src\discountCalculator.js">
      <metrics statements="7" coveredstatements="7" conditionals="4" coveredconditionals="4" methods="1" coveredmethods="1"/>
      <line num="1" count="1" type="cond" truecount="1" falsecount="0"/>
      <line num="2" count="12" type="cond" truecount="1" falsecount="0"/>
      <line num="3" count="12" type="cond" truecount="2" falsecount="0"/>
      <line num="4" count="5" type="stmt"/>
      <line num="5" count="5" type="stmt"/>
      <line num="6" count="5" type="stmt"/>
      <line num="7" count="5" type="stmt"/>
    </file>
    <file name="mathUtils.js" path="D:\Study\Testing\src\mathUtils.js">
      <metrics statements="3" coveredstatements="3" conditionals="1" coveredconditionals="1" methods="1" coveredmethods="1"/>
      <line num="1" count="1" type="cond" truecount="1" falsecount="0"/>
      <line num="2" count="5" type="stmt"/>
      <line num="3" count="5" type="stmt"/>
    </file>
    <file name="stringUtils.js" path="D:\Study\Testing\src\stringUtils.js">
      <metrics statements="7" coveredstatements="7" conditionals="4" coveredconditionals="4" methods="1" coveredmethods="1"/>
      <line num="1" count="1" type="cond" truecount="1" falsecount="0"/>
      <line num="2" count="8" type="cond" truecount="1" falsecount="0"/>
      <line num="3" count="3" type="cond" truecount="1" falsecount="0"/>
      <line num="4" count="3" type="stmt"/>
      <line num="5" count="3" type="cond" truecount="1" falsecount="0"/>
      <line num="6" count="3" type="stmt"/>
      <line num="7" count="3" type="stmt"/>
    </file>
    <file name="userUtils.js" path="D:\Study\Testing\src\userUtils.js">
      <metrics statements="8" coveredstatements="8" conditionals="7" coveredconditionals="7" methods="1" coveredmethods="1"/>
      <line num="1" count="1" type="cond" truecount="1" falsecount="0"/>
      <line num="2" count="7" type="stmt"/>
      <line num="3" count="7" type="cond" truecount="2" falsecount="0"/>
      <line num="4" count="4" type="cond" truecount="2" falsecount="0"/>
      <line num="5" count="7" type="stmt"/>
      <line num="6" count="7" type="cond" truecount="1" falsecount="0"/>
      <line num="7" count="3" type="cond" truecount="1" falsecount="0"/>
      <line num="8" count="3" type="stmt"/>
    </file>
  </project>
</coverage>
