{"D:\\Study\\Testing\\src\\arrayUtils.js": {"path":"D:\\Study\\Testing\\src\\arrayUtils.js","all":false,"statementMap":{"0":{"start":{"line":1,"column":0},"end":{"line":1,"column":38}},"1":{"start":{"line":2,"column":0},"end":{"line":2,"column":53}},"2":{"start":{"line":3,"column":0},"end":{"line":3,"column":1}}},"s":{"0":1,"1":8,"2":8},"branchMap":{"0":{"type":"branch","line":1,"loc":{"start":{"line":1,"column":7},"end":{"line":3,"column":1}},"locations":[{"start":{"line":1,"column":7},"end":{"line":3,"column":1}}]},"1":{"type":"branch","line":2,"loc":{"start":{"line":2,"column":25},"end":{"line":2,"column":51}},"locations":[{"start":{"line":2,"column":25},"end":{"line":2,"column":51}}]}},"b":{"0":[8],"1":[10]},"fnMap":{"0":{"name":"filterAdults","decl":{"start":{"line":1,"column":7},"end":{"line":3,"column":1}},"loc":{"start":{"line":1,"column":7},"end":{"line":3,"column":1}},"line":1}},"f":{"0":8}}
,"D:\\Study\\Testing\\src\\discountCalculator.js": {"path":"D:\\Study\\Testing\\src\\discountCalculator.js","all":false,"statementMap":{"0":{"start":{"line":1,"column":0},"end":{"line":1,"column":52}},"1":{"start":{"line":2,"column":0},"end":{"line":2,"column":28}},"2":{"start":{"line":3,"column":0},"end":{"line":3,"column":19}},"3":{"start":{"line":4,"column":0},"end":{"line":4,"column":55}},"4":{"start":{"line":5,"column":0},"end":{"line":5,"column":5}},"5":{"start":{"line":6,"column":0},"end":{"line":6,"column":55}},"6":{"start":{"line":7,"column":0},"end":{"line":7,"column":1}}},"s":{"0":1,"1":12,"2":12,"3":5,"4":5,"5":5,"6":5},"branchMap":{"0":{"type":"branch","line":1,"loc":{"start":{"line":1,"column":7},"end":{"line":7,"column":1}},"locations":[{"start":{"line":1,"column":7},"end":{"line":7,"column":1}}]},"1":{"type":"branch","line":2,"loc":{"start":{"line":2,"column":19},"end":{"line":2,"column":28}},"locations":[{"start":{"line":2,"column":19},"end":{"line":2,"column":28}}]},"2":{"type":"branch","line":3,"loc":{"start":{"line":3,"column":-2},"end":{"line":3,"column":18}},"locations":[{"start":{"line":3,"column":-2},"end":{"line":3,"column":18}}]},"3":{"type":"branch","line":3,"loc":{"start":{"line":3,"column":18},"end":{"line":7,"column":1}},"locations":[{"start":{"line":3,"column":18},"end":{"line":7,"column":1}}]}},"b":{"0":[12],"1":[2],"2":[10],"3":[5]},"fnMap":{"0":{"name":"calculateDiscount","decl":{"start":{"line":1,"column":7},"end":{"line":7,"column":1}},"loc":{"start":{"line":1,"column":7},"end":{"line":7,"column":1}},"line":1}},"f":{"0":12}}
,"D:\\Study\\Testing\\src\\mathUtils.js": {"path":"D:\\Study\\Testing\\src\\mathUtils.js","all":false,"statementMap":{"0":{"start":{"line":1,"column":0},"end":{"line":1,"column":27}},"1":{"start":{"line":2,"column":0},"end":{"line":2,"column":19}},"2":{"start":{"line":3,"column":0},"end":{"line":3,"column":1}}},"s":{"0":1,"1":5,"2":5},"branchMap":{"0":{"type":"branch","line":1,"loc":{"start":{"line":1,"column":7},"end":{"line":3,"column":1}},"locations":[{"start":{"line":1,"column":7},"end":{"line":3,"column":1}}]}},"b":{"0":[5]},"fnMap":{"0":{"name":"add","decl":{"start":{"line":1,"column":7},"end":{"line":3,"column":1}},"loc":{"start":{"line":1,"column":7},"end":{"line":3,"column":1}},"line":1}},"f":{"0":5}}
,"D:\\Study\\Testing\\src\\stringUtils.js": {"path":"D:\\Study\\Testing\\src\\stringUtils.js","all":false,"statementMap":{"0":{"start":{"line":1,"column":0},"end":{"line":1,"column":38}},"1":{"start":{"line":2,"column":0},"end":{"line":2,"column":43}},"2":{"start":{"line":3,"column":0},"end":{"line":3,"column":14}},"3":{"start":{"line":4,"column":0},"end":{"line":4,"column":19}},"4":{"start":{"line":5,"column":0},"end":{"line":5,"column":80}},"5":{"start":{"line":6,"column":0},"end":{"line":6,"column":19}},"6":{"start":{"line":7,"column":0},"end":{"line":7,"column":1}}},"s":{"0":1,"1":8,"2":3,"3":3,"4":3,"5":3,"6":3},"branchMap":{"0":{"type":"branch","line":1,"loc":{"start":{"line":1,"column":7},"end":{"line":7,"column":1}},"locations":[{"start":{"line":1,"column":7},"end":{"line":7,"column":1}}]},"1":{"type":"branch","line":2,"loc":{"start":{"line":2,"column":33},"end":{"line":2,"column":43}},"locations":[{"start":{"line":2,"column":33},"end":{"line":2,"column":43}}]},"2":{"type":"branch","line":3,"loc":{"start":{"line":3,"column":-2},"end":{"line":7,"column":1}},"locations":[{"start":{"line":3,"column":-2},"end":{"line":7,"column":1}}]},"3":{"type":"branch","line":5,"loc":{"start":{"line":5,"column":13},"end":{"line":5,"column":79}},"locations":[{"start":{"line":5,"column":13},"end":{"line":5,"column":79}}]}},"b":{"0":[8],"1":[5],"2":[3],"3":[7]},"fnMap":{"0":{"name":"capitalizeWords","decl":{"start":{"line":1,"column":7},"end":{"line":7,"column":1}},"loc":{"start":{"line":1,"column":7},"end":{"line":7,"column":1}},"line":1}},"f":{"0":8}}
,"D:\\Study\\Testing\\src\\userUtils.js": {"path":"D:\\Study\\Testing\\src\\userUtils.js","all":false,"statementMap":{"0":{"start":{"line":1,"column":0},"end":{"line":1,"column":43}},"1":{"start":{"line":2,"column":0},"end":{"line":2,"column":6}},"2":{"start":{"line":3,"column":0},"end":{"line":3,"column":66}},"3":{"start":{"line":4,"column":0},"end":{"line":4,"column":72}},"4":{"start":{"line":5,"column":0},"end":{"line":5,"column":3}},"5":{"start":{"line":6,"column":0},"end":{"line":6,"column":36}},"6":{"start":{"line":7,"column":0},"end":{"line":7,"column":33}},"7":{"start":{"line":8,"column":0},"end":{"line":8,"column":1}}},"s":{"0":1,"1":7,"2":7,"3":4,"4":7,"5":7,"6":3,"7":3},"branchMap":{"0":{"type":"branch","line":1,"loc":{"start":{"line":1,"column":7},"end":{"line":8,"column":1}},"locations":[{"start":{"line":1,"column":7},"end":{"line":8,"column":1}}]},"1":{"type":"branch","line":3,"loc":{"start":{"line":3,"column":39},"end":{"line":3,"column":61}},"locations":[{"start":{"line":3,"column":39},"end":{"line":3,"column":61}}]},"2":{"type":"branch","line":3,"loc":{"start":{"line":3,"column":64},"end":{"line":4,"column":72}},"locations":[{"start":{"line":3,"column":64},"end":{"line":4,"column":72}}]},"3":{"type":"branch","line":4,"loc":{"start":{"line":4,"column":13},"end":{"line":4,"column":71}},"locations":[{"start":{"line":4,"column":13},"end":{"line":4,"column":71}}]},"4":{"type":"branch","line":4,"loc":{"start":{"line":4,"column":45},"end":{"line":4,"column":70}},"locations":[{"start":{"line":4,"column":45},"end":{"line":4,"column":70}}]},"5":{"type":"branch","line":6,"loc":{"start":{"line":6,"column":4},"end":{"line":6,"column":36}},"locations":[{"start":{"line":6,"column":4},"end":{"line":6,"column":36}}]},"6":{"type":"branch","line":7,"loc":{"start":{"line":7,"column":-2},"end":{"line":8,"column":1}},"locations":[{"start":{"line":7,"column":-2},"end":{"line":8,"column":1}}]}},"b":{"0":[7],"1":[5],"2":[4],"3":[3],"4":[2],"5":[4],"6":[3]},"fnMap":{"0":{"name":"updateUser","decl":{"start":{"line":1,"column":7},"end":{"line":8,"column":1}},"loc":{"start":{"line":1,"column":7},"end":{"line":8,"column":1}},"line":1}},"f":{"0":7}}
}
